<?xml version="1.0" encoding="UTF-8"?>
<testsuite name="com.parkinglot.service.ParkingManagerTest" tests="1" skipped="0" failures="0" errors="0" timestamp="2022-12-24T07:28:29" hostname="sb-tech-95.local" time="0.028">
  <properties/>
  <testcase name="shouldCalculateFlatFeeAirportParking" classname="com.parkinglot.service.ParkingManagerTest" time="0.028"/>
  <system-out><![CDATA[]]></system-out>
  <system-err><![CDATA[]]></system-err>
</testsuite>
