<?xml version="1.0" encoding="UTF-8"?>
<testsuite name="com.parkinglot.service.ParkingRegisterTest" tests="1" skipped="0" failures="0" errors="0" timestamp="2022-12-23T08:57:43" hostname="sb-tech-95.local" time="0.013">
  <properties/>
  <testcase name="shouldEraseRecordfromParkingStatus" classname="com.parkinglot.service.ParkingRegisterTest" time="0.013"/>
  <system-out><![CDATA[]]></system-out>
  <system-err><![CDATA[]]></system-err>
</testsuite>
